  [1m[36m (0.1ms)[0m  [1mSELECT "schema_migrations"."version" FROM "schema_migrations" [0m
Migrating to CreateMovies (20111119180638)
  [1m[35m (1.2ms)[0m  select sqlite_version(*)
  [1m[36m (0.1ms)[0m  [1mSELECT "schema_migrations"."version" FROM "schema_migrations" [0m
  [1m[35m (0.0ms)[0m  PRAGMA index_list("movies")
  [1m[36m (0.1ms)[0m  [1mSELECT "schema_migrations"."version" FROM "schema_migrations" [0m
  [1m[35m (0.2ms)[0m  select sqlite_version(*)
  [1m[36m (14.4ms)[0m  [1mCREATE TABLE "movies" ("id" INTEGER PRIMARY KEY AUTOINCREMENT NOT NULL, "title" varchar(255), "rating" varchar(255), "description" text, "release_date" datetime, "created_at" datetime, "updated_at" datetime) [0m
  [1m[35m (5.0ms)[0m  CREATE TABLE "schema_migrations" ("version" varchar(255) NOT NULL) 
  [1m[36m (0.0ms)[0m  [1mPRAGMA index_list("schema_migrations")[0m
  [1m[35m (4.4ms)[0m  CREATE UNIQUE INDEX "unique_schema_migrations" ON "schema_migrations" ("version")
  [1m[36m (0.1ms)[0m  [1mSELECT version FROM "schema_migrations"[0m
  [1m[35m (3.3ms)[0m  INSERT INTO "schema_migrations" (version) VALUES ('20120130161449')
  [1m[36m (3.2ms)[0m  [1mINSERT INTO "schema_migrations" (version) VALUES ('20111119180638')[0m
  [1m[36m (0.1ms)[0m  [1mSELECT "schema_migrations"."version" FROM "schema_migrations" [0m
  [1m[35m (0.2ms)[0m  select sqlite_version(*)
  [1m[36m (6.7ms)[0m  [1mCREATE TABLE "movies" ("id" INTEGER PRIMARY KEY AUTOINCREMENT NOT NULL, "title" varchar(255), "rating" varchar(255), "description" text, "release_date" datetime, "created_at" datetime, "updated_at" datetime) [0m
  [1m[35m (3.6ms)[0m  CREATE TABLE "schema_migrations" ("version" varchar(255) NOT NULL) 
  [1m[36m (0.0ms)[0m  [1mPRAGMA index_list("schema_migrations")[0m
  [1m[35m (3.9ms)[0m  CREATE UNIQUE INDEX "unique_schema_migrations" ON "schema_migrations" ("version")
  [1m[36m (0.1ms)[0m  [1mSELECT version FROM "schema_migrations"[0m
  [1m[35m (3.5ms)[0m  INSERT INTO "schema_migrations" (version) VALUES ('20120130161449')
  [1m[36m (4.0ms)[0m  [1mINSERT INTO "schema_migrations" (version) VALUES ('20111119180638')[0m
  [1m[36m (0.1ms)[0m  [1mSELECT "schema_migrations"."version" FROM "schema_migrations" [0m
Migrating to CreateMovies (20111119180638)
Migrating to AddDirectorToMovie (20130804134139)
  [1m[35m (0.0ms)[0m  select sqlite_version(*)
  [1m[36m (0.3ms)[0m  [1mALTER TABLE "movies" ADD "director" varchar(255)[0m
  [1m[35m (0.1ms)[0m  INSERT INTO "schema_migrations" ("version") VALUES ('20130804134139')
  [1m[36m (0.2ms)[0m  [1mselect sqlite_version(*)[0m
  [1m[35m (0.1ms)[0m  SELECT "schema_migrations"."version" FROM "schema_migrations" 
  [1m[36m (0.0ms)[0m  [1mPRAGMA index_list("movies")[0m
  [1m[36m (0.1ms)[0m  [1mSELECT "schema_migrations"."version" FROM "schema_migrations" [0m
  [1m[35m (0.1ms)[0m  select sqlite_version(*)
  [1m[36m (17.6ms)[0m  [1mCREATE TABLE "movies" ("id" INTEGER PRIMARY KEY AUTOINCREMENT NOT NULL, "title" varchar(255), "rating" varchar(255), "description" text, "release_date" datetime, "created_at" datetime, "updated_at" datetime, "director" varchar(255)) [0m
  [1m[35m (4.5ms)[0m  CREATE TABLE "schema_migrations" ("version" varchar(255) NOT NULL) 
  [1m[36m (0.0ms)[0m  [1mPRAGMA index_list("schema_migrations")[0m
  [1m[35m (5.5ms)[0m  CREATE UNIQUE INDEX "unique_schema_migrations" ON "schema_migrations" ("version")
  [1m[36m (0.1ms)[0m  [1mSELECT version FROM "schema_migrations"[0m
  [1m[35m (3.9ms)[0m  INSERT INTO "schema_migrations" (version) VALUES ('20130804134139')
  [1m[36m (3.1ms)[0m  [1mINSERT INTO "schema_migrations" (version) VALUES ('20111119180638')[0m


Started GET "/movies" for 127.0.0.1 at 2013-08-04 14:53:00 +0100
  Processing by MoviesController#index as HTML
  [1m[36mMovie Load (0.9ms)[0m  [1mSELECT "movies".* FROM "movies" WHERE "movies"."rating" IN ('G', 'PG', 'PG-13', 'NC-17', 'R')[0m
Rendered movies/index.html.haml within layouts/application (43.9ms)
Compiled application.css  (0ms)  (pid 18459)
Compiled application.js  (2ms)  (pid 18459)
Compiled jquery.js  (2ms)  (pid 18459)
Compiled jquery_ujs.js  (0ms)  (pid 18459)
Completed 200 OK in 136ms (Views: 128.7ms | ActiveRecord: 1.0ms)


Started GET "/assets/application.css?body=1" for 127.0.0.1 at 2013-08-04 14:53:01 +0100
Served asset /application.css - 200 OK (8ms)


Started GET "/assets/jquery.js?body=1" for 127.0.0.1 at 2013-08-04 14:53:01 +0100
Served asset /jquery.js - 200 OK (37ms)


Started GET "/assets/jquery_ujs.js?body=1" for 127.0.0.1 at 2013-08-04 14:53:01 +0100
Served asset /jquery_ujs.js - 200 OK (3ms)


Started GET "/assets/application.js?body=1" for 127.0.0.1 at 2013-08-04 14:53:02 +0100
Served asset /application.js - 200 OK (3ms)
  [1m[36m (0.2ms)[0m  [1mselect sqlite_version(*)[0m
  [1m[35m (18.3ms)[0m  CREATE TABLE "movies" ("id" INTEGER PRIMARY KEY AUTOINCREMENT NOT NULL, "title" varchar(255), "rating" varchar(255), "description" text, "release_date" datetime, "created_at" datetime, "updated_at" datetime, "director" varchar(255)) 
  [1m[36m (4.5ms)[0m  [1mCREATE TABLE "schema_migrations" ("version" varchar(255) NOT NULL) [0m
  [1m[35m (0.0ms)[0m  PRAGMA index_list("schema_migrations")
  [1m[36m (5.4ms)[0m  [1mCREATE UNIQUE INDEX "unique_schema_migrations" ON "schema_migrations" ("version")[0m
  [1m[35m (0.8ms)[0m  SELECT version FROM "schema_migrations"
  [1m[36m (5.2ms)[0m  [1mINSERT INTO "schema_migrations" (version) VALUES ('20130804134139')[0m
  [1m[35m (4.5ms)[0m  INSERT INTO "schema_migrations" (version) VALUES ('20111119180638')
  [1m[36m (0.0ms)[0m  [1mSELECT "schema_migrations"."version" FROM "schema_migrations" [0m
  [1m[35mSQL (11.9ms)[0m  INSERT INTO "movies" ("created_at", "description", "director", "rating", "release_date", "title", "updated_at") VALUES (?, ?, ?, ?, ?, ?, ?)  [["created_at", Sun, 04 Aug 2013 13:53:27 UTC +00:00], ["description", nil], ["director", nil], ["rating", "G"], ["release_date", Wed, 25 Nov 1992 00:00:00 UTC +00:00], ["title", "Aladdin"], ["updated_at", Sun, 04 Aug 2013 13:53:27 UTC +00:00]]
  [1m[36mSQL (0.4ms)[0m  [1mINSERT INTO "movies" ("created_at", "description", "director", "rating", "release_date", "title", "updated_at") VALUES (?, ?, ?, ?, ?, ?, ?)[0m  [["created_at", Sun, 04 Aug 2013 13:53:27 UTC +00:00], ["description", nil], ["director", nil], ["rating", "R"], ["release_date", Fri, 26 Oct 1984 00:00:00 UTC +00:00], ["title", "The Terminator"], ["updated_at", Sun, 04 Aug 2013 13:53:27 UTC +00:00]]
  [1m[35mSQL (0.3ms)[0m  INSERT INTO "movies" ("created_at", "description", "director", "rating", "release_date", "title", "updated_at") VALUES (?, ?, ?, ?, ?, ?, ?)  [["created_at", Sun, 04 Aug 2013 13:53:27 UTC +00:00], ["description", nil], ["director", nil], ["rating", "R"], ["release_date", Fri, 21 Jul 1989 00:00:00 UTC +00:00], ["title", "When Harry Met Sally"], ["updated_at", Sun, 04 Aug 2013 13:53:27 UTC +00:00]]
  [1m[36mSQL (0.3ms)[0m  [1mINSERT INTO "movies" ("created_at", "description", "director", "rating", "release_date", "title", "updated_at") VALUES (?, ?, ?, ?, ?, ?, ?)[0m  [["created_at", Sun, 04 Aug 2013 13:53:27 UTC +00:00], ["description", nil], ["director", nil], ["rating", "PG-13"], ["release_date", Wed, 10 Aug 2011 00:00:00 UTC +00:00], ["title", "The Help"], ["updated_at", Sun, 04 Aug 2013 13:53:27 UTC +00:00]]
  [1m[35mSQL (0.3ms)[0m  INSERT INTO "movies" ("created_at", "description", "director", "rating", "release_date", "title", "updated_at") VALUES (?, ?, ?, ?, ?, ?, ?)  [["created_at", Sun, 04 Aug 2013 13:53:27 UTC +00:00], ["description", nil], ["director", nil], ["rating", "PG-13"], ["release_date", Fri, 05 Jan 2001 00:00:00 UTC +00:00], ["title", "Chocolat"], ["updated_at", Sun, 04 Aug 2013 13:53:27 UTC +00:00]]
  [1m[36mSQL (0.4ms)[0m  [1mINSERT INTO "movies" ("created_at", "description", "director", "rating", "release_date", "title", "updated_at") VALUES (?, ?, ?, ?, ?, ?, ?)[0m  [["created_at", Sun, 04 Aug 2013 13:53:27 UTC +00:00], ["description", nil], ["director", nil], ["rating", "R"], ["release_date", Wed, 25 Apr 2001 00:00:00 UTC +00:00], ["title", "Amelie"], ["updated_at", Sun, 04 Aug 2013 13:53:27 UTC +00:00]]
  [1m[35mSQL (0.4ms)[0m  INSERT INTO "movies" ("created_at", "description", "director", "rating", "release_date", "title", "updated_at") VALUES (?, ?, ?, ?, ?, ?, ?)  [["created_at", Sun, 04 Aug 2013 13:53:27 UTC +00:00], ["description", nil], ["director", nil], ["rating", "G"], ["release_date", Sat, 06 Apr 1968 00:00:00 UTC +00:00], ["title", "2001: A Space Odyssey"], ["updated_at", Sun, 04 Aug 2013 13:53:27 UTC +00:00]]
  [1m[36mSQL (0.4ms)[0m  [1mINSERT INTO "movies" ("created_at", "description", "director", "rating", "release_date", "title", "updated_at") VALUES (?, ?, ?, ?, ?, ?, ?)[0m  [["created_at", Sun, 04 Aug 2013 13:53:27 UTC +00:00], ["description", nil], ["director", nil], ["rating", "PG"], ["release_date", Fri, 05 Nov 2004 00:00:00 UTC +00:00], ["title", "The Incredibles"], ["updated_at", Sun, 04 Aug 2013 13:53:27 UTC +00:00]]
  [1m[35mSQL (0.4ms)[0m  INSERT INTO "movies" ("created_at", "description", "director", "rating", "release_date", "title", "updated_at") VALUES (?, ?, ?, ?, ?, ?, ?)  [["created_at", Sun, 04 Aug 2013 13:53:27 UTC +00:00], ["description", nil], ["director", nil], ["rating", "PG"], ["release_date", Fri, 12 Jun 1981 00:00:00 UTC +00:00], ["title", "Raiders of the Lost Ark"], ["updated_at", Sun, 04 Aug 2013 13:53:27 UTC +00:00]]
  [1m[36mSQL (0.5ms)[0m  [1mINSERT INTO "movies" ("created_at", "description", "director", "rating", "release_date", "title", "updated_at") VALUES (?, ?, ?, ?, ?, ?, ?)[0m  [["created_at", Sun, 04 Aug 2013 13:53:27 UTC +00:00], ["description", nil], ["director", nil], ["rating", "G"], ["release_date", Wed, 21 Jun 2000 00:00:00 UTC +00:00], ["title", "Chicken Run"], ["updated_at", Sun, 04 Aug 2013 13:53:27 UTC +00:00]]


Started GET "/movies" for 127.0.0.1 at 2013-08-04 14:53:44 +0100
  Processing by MoviesController#index as HTML
  [1m[36mMovie Load (0.2ms)[0m  [1mSELECT "movies".* FROM "movies" WHERE "movies"."rating" IN ('G', 'PG', 'PG-13', 'NC-17', 'R')[0m
Rendered movies/index.html.haml within layouts/application (15.1ms)
Completed 200 OK in 113ms (Views: 81.3ms | ActiveRecord: 0.3ms)


Started GET "/assets/application.css?body=1" for 127.0.0.1 at 2013-08-04 14:53:45 +0100
Served asset /application.css - 304 Not Modified (0ms)


Started GET "/assets/application.js?body=1" for 127.0.0.1 at 2013-08-04 14:53:45 +0100
Served asset /application.js - 304 Not Modified (0ms)


Started GET "/assets/jquery_ujs.js?body=1" for 127.0.0.1 at 2013-08-04 14:53:45 +0100
Served asset /jquery_ujs.js - 304 Not Modified (2ms)


Started GET "/assets/jquery.js?body=1" for 127.0.0.1 at 2013-08-04 14:53:45 +0100
Served asset /jquery.js - 304 Not Modified (2ms)


Started GET "/movies?utf8=%E2%9C%93&ratings%5BG%5D=1&ratings%5BNC-17%5D=1&ratings%5BR%5D=1&commit=Refresh" for 127.0.0.1 at 2013-08-04 14:53:49 +0100
  Processing by MoviesController#index as HTML
  Parameters: {"utf8"=>"✓", "ratings"=>{"G"=>"1", "NC-17"=>"1", "R"=>"1"}, "commit"=>"Refresh"}
Redirected to http://localhost:3000/movies?ratings%5BG%5D=1&ratings%5BNC-17%5D=1&ratings%5BR%5D=1
Completed 302 Found in 1ms


Started GET "/movies?ratings%5BG%5D=1&ratings%5BNC-17%5D=1&ratings%5BR%5D=1" for 127.0.0.1 at 2013-08-04 14:53:49 +0100
  Processing by MoviesController#index as HTML
  Parameters: {"ratings"=>{"G"=>"1", "NC-17"=>"1", "R"=>"1"}}
  [1m[35mMovie Load (0.2ms)[0m  SELECT "movies".* FROM "movies" WHERE "movies"."rating" IN ('G', 'NC-17', 'R')
Rendered movies/index.html.haml within layouts/application (7.6ms)
Completed 200 OK in 20ms (Views: 18.1ms | ActiveRecord: 0.4ms)


Started GET "/assets/application.css?body=1" for 127.0.0.1 at 2013-08-04 14:53:49 +0100
Served asset /application.css - 304 Not Modified (0ms)


Started GET "/assets/jquery.js?body=1" for 127.0.0.1 at 2013-08-04 14:53:49 +0100
Served asset /jquery.js - 304 Not Modified (0ms)


Started GET "/assets/jquery_ujs.js?body=1" for 127.0.0.1 at 2013-08-04 14:53:49 +0100
Served asset /jquery_ujs.js - 304 Not Modified (0ms)


Started GET "/assets/application.js?body=1" for 127.0.0.1 at 2013-08-04 14:53:49 +0100
Served asset /application.js - 304 Not Modified (0ms)


Started GET "/movies?ratings%5BG%5D=1&ratings%5BNC-17%5D=1&ratings%5BR%5D=1&sort=title" for 127.0.0.1 at 2013-08-04 14:53:50 +0100
  Processing by MoviesController#index as HTML
  Parameters: {"ratings"=>{"G"=>"1", "NC-17"=>"1", "R"=>"1"}, "sort"=>"title"}
Redirected to http://localhost:3000/movies?ratings%5BG%5D=1&ratings%5BNC-17%5D=1&ratings%5BR%5D=1&sort=title
Completed 302 Found in 1ms


Started GET "/movies?ratings%5BG%5D=1&ratings%5BNC-17%5D=1&ratings%5BR%5D=1&sort=title" for 127.0.0.1 at 2013-08-04 14:53:50 +0100
  Processing by MoviesController#index as HTML
  Parameters: {"ratings"=>{"G"=>"1", "NC-17"=>"1", "R"=>"1"}, "sort"=>"title"}
  [1m[36mMovie Load (0.0ms)[0m  [1mSELECT "movies".* FROM "movies" WHERE "movies"."rating" IN ('G', 'NC-17', 'R') ORDER BY title[0m
Rendered movies/index.html.haml within layouts/application (12.5ms)
Completed 200 OK in 19ms (Views: 16.8ms | ActiveRecord: 0.3ms)


Started GET "/assets/application.css?body=1" for 127.0.0.1 at 2013-08-04 14:53:50 +0100
Served asset /application.css - 304 Not Modified (0ms)


Started GET "/assets/jquery_ujs.js?body=1" for 127.0.0.1 at 2013-08-04 14:53:50 +0100
Served asset /jquery_ujs.js - 304 Not Modified (0ms)


Started GET "/assets/application.js?body=1" for 127.0.0.1 at 2013-08-04 14:53:50 +0100
Served asset /application.js - 304 Not Modified (0ms)


Started GET "/assets/jquery.js?body=1" for 127.0.0.1 at 2013-08-04 14:53:50 +0100
Served asset /jquery.js - 304 Not Modified (0ms)


Started GET "/movies?ratings%5BG%5D=1&ratings%5BNC-17%5D=1&ratings%5BR%5D=1&sort=release_date" for 127.0.0.1 at 2013-08-04 14:53:51 +0100
  Processing by MoviesController#index as HTML
  Parameters: {"ratings"=>{"G"=>"1", "NC-17"=>"1", "R"=>"1"}, "sort"=>"release_date"}
Redirected to http://localhost:3000/movies?ratings%5BG%5D=1&ratings%5BNC-17%5D=1&ratings%5BR%5D=1&sort=release_date
Completed 302 Found in 1ms


Started GET "/movies?ratings%5BG%5D=1&ratings%5BNC-17%5D=1&ratings%5BR%5D=1&sort=release_date" for 127.0.0.1 at 2013-08-04 14:53:51 +0100
  Processing by MoviesController#index as HTML
  Parameters: {"ratings"=>{"G"=>"1", "NC-17"=>"1", "R"=>"1"}, "sort"=>"release_date"}
  [1m[35mMovie Load (0.2ms)[0m  SELECT "movies".* FROM "movies" WHERE "movies"."rating" IN ('G', 'NC-17', 'R') ORDER BY release_date
Rendered movies/index.html.haml within layouts/application (8.3ms)
Completed 200 OK in 16ms (Views: 13.8ms | ActiveRecord: 0.5ms)


Started GET "/assets/application.css?body=1" for 127.0.0.1 at 2013-08-04 14:53:51 +0100
Served asset /application.css - 304 Not Modified (0ms)


Started GET "/assets/jquery_ujs.js?body=1" for 127.0.0.1 at 2013-08-04 14:53:51 +0100
Served asset /jquery_ujs.js - 304 Not Modified (0ms)


Started GET "/assets/application.js?body=1" for 127.0.0.1 at 2013-08-04 14:53:51 +0100
Served asset /application.js - 304 Not Modified (1ms)


Started GET "/assets/jquery.js?body=1" for 127.0.0.1 at 2013-08-04 14:53:51 +0100
Served asset /jquery.js - 304 Not Modified (0ms)


Started GET "/movies?utf8=%E2%9C%93&%3Arelease_date_sort=true&ratings%5BG%5D=1&ratings%5BPG%5D=1&ratings%5BPG-13%5D=1&ratings%5BNC-17%5D=1&ratings%5BR%5D=1&commit=Refresh" for 127.0.0.1 at 2013-08-04 14:53:54 +0100
  Processing by MoviesController#index as HTML
  Parameters: {"utf8"=>"✓", ":release_date_sort"=>"true", "ratings"=>{"G"=>"1", "PG"=>"1", "PG-13"=>"1", "NC-17"=>"1", "R"=>"1"}, "commit"=>"Refresh"}
Redirected to http://localhost:3000/movies?ratings%5BG%5D=1&ratings%5BNC-17%5D=1&ratings%5BPG%5D=1&ratings%5BPG-13%5D=1&ratings%5BR%5D=1&sort=release_date
Completed 302 Found in 1ms


Started GET "/movies?ratings%5BG%5D=1&ratings%5BNC-17%5D=1&ratings%5BPG%5D=1&ratings%5BPG-13%5D=1&ratings%5BR%5D=1&sort=release_date" for 127.0.0.1 at 2013-08-04 14:53:54 +0100
  Processing by MoviesController#index as HTML
  Parameters: {"ratings"=>{"G"=>"1", "NC-17"=>"1", "PG"=>"1", "PG-13"=>"1", "R"=>"1"}, "sort"=>"release_date"}
Redirected to http://localhost:3000/movies?ratings%5BG%5D=1&ratings%5BNC-17%5D=1&ratings%5BPG%5D=1&ratings%5BPG-13%5D=1&ratings%5BR%5D=1&sort=release_date
Completed 302 Found in 1ms


Started GET "/movies?ratings%5BG%5D=1&ratings%5BNC-17%5D=1&ratings%5BPG%5D=1&ratings%5BPG-13%5D=1&ratings%5BR%5D=1&sort=release_date" for 127.0.0.1 at 2013-08-04 14:53:54 +0100
  Processing by MoviesController#index as HTML
  Parameters: {"ratings"=>{"G"=>"1", "NC-17"=>"1", "PG"=>"1", "PG-13"=>"1", "R"=>"1"}, "sort"=>"release_date"}
  [1m[36mMovie Load (0.2ms)[0m  [1mSELECT "movies".* FROM "movies" WHERE "movies"."rating" IN ('G', 'NC-17', 'PG', 'PG-13', 'R') ORDER BY release_date[0m
Rendered movies/index.html.haml within layouts/application (37.3ms)
Completed 200 OK in 44ms (Views: 41.9ms | ActiveRecord: 0.4ms)


Started GET "/assets/jquery.js?body=1" for 127.0.0.1 at 2013-08-04 14:53:54 +0100
Served asset /jquery.js - 304 Not Modified (0ms)


Started GET "/assets/jquery_ujs.js?body=1" for 127.0.0.1 at 2013-08-04 14:53:54 +0100
Served asset /jquery_ujs.js - 304 Not Modified (0ms)


Started GET "/assets/application.css?body=1" for 127.0.0.1 at 2013-08-04 14:53:54 +0100
Served asset /application.css - 304 Not Modified (0ms)


Started GET "/assets/application.js?body=1" for 127.0.0.1 at 2013-08-04 14:53:54 +0100
Served asset /application.js - 304 Not Modified (0ms)


Started GET "/movies?utf8=%E2%9C%93&%3Arelease_date_sort=true&commit=Refresh" for 127.0.0.1 at 2013-08-04 14:53:58 +0100
  Processing by MoviesController#index as HTML
  Parameters: {"utf8"=>"✓", ":release_date_sort"=>"true", "commit"=>"Refresh"}
Redirected to http://localhost:3000/movies?ratings%5BG%5D=1&ratings%5BNC-17%5D=1&ratings%5BPG%5D=1&ratings%5BPG-13%5D=1&ratings%5BR%5D=1&sort=release_date
Completed 302 Found in 1ms


Started GET "/movies?ratings%5BG%5D=1&ratings%5BNC-17%5D=1&ratings%5BPG%5D=1&ratings%5BPG-13%5D=1&ratings%5BR%5D=1&sort=release_date" for 127.0.0.1 at 2013-08-04 14:53:58 +0100
  Processing by MoviesController#index as HTML
  Parameters: {"ratings"=>{"G"=>"1", "NC-17"=>"1", "PG"=>"1", "PG-13"=>"1", "R"=>"1"}, "sort"=>"release_date"}
  [1m[35mMovie Load (0.3ms)[0m  SELECT "movies".* FROM "movies" WHERE "movies"."rating" IN ('G', 'NC-17', 'PG', 'PG-13', 'R') ORDER BY release_date
Rendered movies/index.html.haml within layouts/application (14.2ms)
Completed 200 OK in 23ms (Views: 20.3ms | ActiveRecord: 0.7ms)


Started GET "/assets/jquery_ujs.js?body=1" for 127.0.0.1 at 2013-08-04 14:53:59 +0100
Served asset /jquery_ujs.js - 304 Not Modified (0ms)


Started GET "/assets/application.js?body=1" for 127.0.0.1 at 2013-08-04 14:53:59 +0100
Served asset /application.js - 304 Not Modified (0ms)


Started GET "/assets/application.css?body=1" for 127.0.0.1 at 2013-08-04 14:53:59 +0100
Served asset /application.css - 304 Not Modified (0ms)


Started GET "/assets/jquery.js?body=1" for 127.0.0.1 at 2013-08-04 14:53:59 +0100
Served asset /jquery.js - 304 Not Modified (0ms)


Started GET "/movies?utf8=%E2%9C%93&%3Arelease_date_sort=true&ratings%5BG%5D=1&ratings%5BPG%5D=1&ratings%5BPG-13%5D=1&commit=Refresh" for 127.0.0.1 at 2013-08-04 14:54:03 +0100
  Processing by MoviesController#index as HTML
  Parameters: {"utf8"=>"✓", ":release_date_sort"=>"true", "ratings"=>{"G"=>"1", "PG"=>"1", "PG-13"=>"1"}, "commit"=>"Refresh"}
Redirected to http://localhost:3000/movies?ratings%5BG%5D=1&ratings%5BPG%5D=1&ratings%5BPG-13%5D=1&sort=release_date
Completed 302 Found in 1ms


Started GET "/movies?ratings%5BG%5D=1&ratings%5BPG%5D=1&ratings%5BPG-13%5D=1&sort=release_date" for 127.0.0.1 at 2013-08-04 14:54:03 +0100
  Processing by MoviesController#index as HTML
  Parameters: {"ratings"=>{"G"=>"1", "PG"=>"1", "PG-13"=>"1"}, "sort"=>"release_date"}
Redirected to http://localhost:3000/movies?ratings%5BG%5D=1&ratings%5BPG%5D=1&ratings%5BPG-13%5D=1&sort=release_date
Completed 302 Found in 1ms


Started GET "/movies?ratings%5BG%5D=1&ratings%5BPG%5D=1&ratings%5BPG-13%5D=1&sort=release_date" for 127.0.0.1 at 2013-08-04 14:54:03 +0100
  Processing by MoviesController#index as HTML
  Parameters: {"ratings"=>{"G"=>"1", "PG"=>"1", "PG-13"=>"1"}, "sort"=>"release_date"}
  [1m[36mMovie Load (0.1ms)[0m  [1mSELECT "movies".* FROM "movies" WHERE "movies"."rating" IN ('G', 'PG', 'PG-13') ORDER BY release_date[0m
Rendered movies/index.html.haml within layouts/application (9.9ms)
Completed 200 OK in 15ms (Views: 14.0ms | ActiveRecord: 0.4ms)


Started GET "/assets/application.css?body=1" for 127.0.0.1 at 2013-08-04 14:54:03 +0100
Served asset /application.css - 304 Not Modified (0ms)


Started GET "/assets/jquery.js?body=1" for 127.0.0.1 at 2013-08-04 14:54:03 +0100
Served asset /jquery.js - 304 Not Modified (0ms)


Started GET "/assets/jquery_ujs.js?body=1" for 127.0.0.1 at 2013-08-04 14:54:03 +0100
Served asset /jquery_ujs.js - 304 Not Modified (0ms)


Started GET "/assets/application.js?body=1" for 127.0.0.1 at 2013-08-04 14:54:03 +0100
Served asset /application.js - 304 Not Modified (0ms)


Started GET "/movies?utf8=%E2%9C%93&%3Arelease_date_sort=true&ratings%5BG%5D=1&ratings%5BPG%5D=1&commit=Refresh" for 127.0.0.1 at 2013-08-04 14:54:06 +0100
  Processing by MoviesController#index as HTML
  Parameters: {"utf8"=>"✓", ":release_date_sort"=>"true", "ratings"=>{"G"=>"1", "PG"=>"1"}, "commit"=>"Refresh"}
Redirected to http://localhost:3000/movies?ratings%5BG%5D=1&ratings%5BPG%5D=1&sort=release_date
Completed 302 Found in 1ms


Started GET "/movies?ratings%5BG%5D=1&ratings%5BPG%5D=1&sort=release_date" for 127.0.0.1 at 2013-08-04 14:54:06 +0100
  Processing by MoviesController#index as HTML
  Parameters: {"ratings"=>{"G"=>"1", "PG"=>"1"}, "sort"=>"release_date"}
Redirected to http://localhost:3000/movies?ratings%5BG%5D=1&ratings%5BPG%5D=1&sort=release_date
Completed 302 Found in 1ms


Started GET "/movies?ratings%5BG%5D=1&ratings%5BPG%5D=1&sort=release_date" for 127.0.0.1 at 2013-08-04 14:54:06 +0100
  Processing by MoviesController#index as HTML
  Parameters: {"ratings"=>{"G"=>"1", "PG"=>"1"}, "sort"=>"release_date"}
  [1m[35mMovie Load (0.2ms)[0m  SELECT "movies".* FROM "movies" WHERE "movies"."rating" IN ('G', 'PG') ORDER BY release_date
Rendered movies/index.html.haml within layouts/application (9.3ms)
Completed 200 OK in 17ms (Views: 15.4ms | ActiveRecord: 0.4ms)


Started GET "/assets/application.css?body=1" for 127.0.0.1 at 2013-08-04 14:54:06 +0100
Served asset /application.css - 304 Not Modified (0ms)


Started GET "/assets/jquery.js?body=1" for 127.0.0.1 at 2013-08-04 14:54:06 +0100
Served asset /jquery.js - 304 Not Modified (0ms)


Started GET "/assets/application.js?body=1" for 127.0.0.1 at 2013-08-04 14:54:06 +0100
Served asset /application.js - 304 Not Modified (0ms)


Started GET "/assets/jquery_ujs.js?body=1" for 127.0.0.1 at 2013-08-04 14:54:06 +0100
Served asset /jquery_ujs.js - 304 Not Modified (0ms)


Started GET "/movies?utf8=%E2%9C%93&%3Arelease_date_sort=true&ratings%5BG%5D=1&commit=Refresh" for 127.0.0.1 at 2013-08-04 14:54:08 +0100
  Processing by MoviesController#index as HTML
  Parameters: {"utf8"=>"✓", ":release_date_sort"=>"true", "ratings"=>{"G"=>"1"}, "commit"=>"Refresh"}
Redirected to http://localhost:3000/movies?ratings%5BG%5D=1&sort=release_date
Completed 302 Found in 1ms


Started GET "/movies?ratings%5BG%5D=1&sort=release_date" for 127.0.0.1 at 2013-08-04 14:54:08 +0100
  Processing by MoviesController#index as HTML
  Parameters: {"ratings"=>{"G"=>"1"}, "sort"=>"release_date"}
Redirected to http://localhost:3000/movies?ratings%5BG%5D=1&sort=release_date
Completed 302 Found in 1ms


Started GET "/movies?ratings%5BG%5D=1&sort=release_date" for 127.0.0.1 at 2013-08-04 14:54:08 +0100
  Processing by MoviesController#index as HTML
  Parameters: {"ratings"=>{"G"=>"1"}, "sort"=>"release_date"}
  [1m[36mMovie Load (0.1ms)[0m  [1mSELECT "movies".* FROM "movies" WHERE "movies"."rating" IN ('G') ORDER BY release_date[0m
Rendered movies/index.html.haml within layouts/application (50.4ms)
Completed 200 OK in 58ms (Views: 56.6ms | ActiveRecord: 0.4ms)


Started GET "/assets/application.css?body=1" for 127.0.0.1 at 2013-08-04 14:54:08 +0100
Served asset /application.css - 304 Not Modified (0ms)


Started GET "/assets/jquery_ujs.js?body=1" for 127.0.0.1 at 2013-08-04 14:54:08 +0100
Served asset /jquery_ujs.js - 304 Not Modified (0ms)


Started GET "/assets/jquery.js?body=1" for 127.0.0.1 at 2013-08-04 14:54:08 +0100
Served asset /jquery.js - 304 Not Modified (0ms)


Started GET "/assets/application.js?body=1" for 127.0.0.1 at 2013-08-04 14:54:08 +0100
Served asset /application.js - 304 Not Modified (0ms)


Started GET "/movies?utf8=%E2%9C%93&%3Arelease_date_sort=true&commit=Refresh" for 127.0.0.1 at 2013-08-04 14:54:10 +0100
  Processing by MoviesController#index as HTML
  Parameters: {"utf8"=>"✓", ":release_date_sort"=>"true", "commit"=>"Refresh"}
Redirected to http://localhost:3000/movies?ratings%5BG%5D=1&sort=release_date
Completed 302 Found in 1ms


Started GET "/movies?ratings%5BG%5D=1&sort=release_date" for 127.0.0.1 at 2013-08-04 14:54:10 +0100
  Processing by MoviesController#index as HTML
  Parameters: {"ratings"=>{"G"=>"1"}, "sort"=>"release_date"}
  [1m[35mMovie Load (0.1ms)[0m  SELECT "movies".* FROM "movies" WHERE "movies"."rating" IN ('G') ORDER BY release_date
Rendered movies/index.html.haml within layouts/application (8.7ms)
Completed 200 OK in 16ms (Views: 13.2ms | ActiveRecord: 0.4ms)


Started GET "/assets/application.css?body=1" for 127.0.0.1 at 2013-08-04 14:54:10 +0100
Served asset /application.css - 304 Not Modified (0ms)


Started GET "/assets/jquery.js?body=1" for 127.0.0.1 at 2013-08-04 14:54:10 +0100
Served asset /jquery.js - 304 Not Modified (0ms)


Started GET "/assets/application.js?body=1" for 127.0.0.1 at 2013-08-04 14:54:10 +0100
Served asset /application.js - 304 Not Modified (0ms)


Started GET "/assets/jquery_ujs.js?body=1" for 127.0.0.1 at 2013-08-04 14:54:10 +0100
Served asset /jquery_ujs.js - 304 Not Modified (0ms)


Started GET "/movies?ratings%5BG%5D=1&sort=title" for 127.0.0.1 at 2013-08-04 14:54:13 +0100
  Processing by MoviesController#index as HTML
  Parameters: {"ratings"=>{"G"=>"1"}, "sort"=>"title"}
Redirected to http://localhost:3000/movies?ratings%5BG%5D=1&sort=title
Completed 302 Found in 1ms


Started GET "/movies?ratings%5BG%5D=1&sort=title" for 127.0.0.1 at 2013-08-04 14:54:13 +0100
  Processing by MoviesController#index as HTML
  Parameters: {"ratings"=>{"G"=>"1"}, "sort"=>"title"}
  [1m[36mMovie Load (0.2ms)[0m  [1mSELECT "movies".* FROM "movies" WHERE "movies"."rating" IN ('G') ORDER BY title[0m
Rendered movies/index.html.haml within layouts/application (9.7ms)
Completed 200 OK in 16ms (Views: 13.8ms | ActiveRecord: 0.6ms)


Started GET "/assets/application.css?body=1" for 127.0.0.1 at 2013-08-04 14:54:13 +0100
Served asset /application.css - 304 Not Modified (0ms)


Started GET "/assets/jquery.js?body=1" for 127.0.0.1 at 2013-08-04 14:54:13 +0100
Served asset /jquery.js - 304 Not Modified (0ms)


Started GET "/assets/application.js?body=1" for 127.0.0.1 at 2013-08-04 14:54:13 +0100
Served asset /application.js - 304 Not Modified (0ms)


Started GET "/assets/jquery_ujs.js?body=1" for 127.0.0.1 at 2013-08-04 14:54:13 +0100
Served asset /jquery_ujs.js - 304 Not Modified (0ms)


Started GET "/movies?utf8=%E2%9C%93&title_sort=true&ratings%5BG%5D=1&ratings%5BPG%5D=1&commit=Refresh" for 127.0.0.1 at 2013-08-04 14:54:16 +0100
  Processing by MoviesController#index as HTML
  Parameters: {"utf8"=>"✓", "title_sort"=>"true", "ratings"=>{"G"=>"1", "PG"=>"1"}, "commit"=>"Refresh"}
Redirected to http://localhost:3000/movies?ratings%5BG%5D=1&ratings%5BPG%5D=1&sort=title
Completed 302 Found in 1ms


Started GET "/movies?ratings%5BG%5D=1&ratings%5BPG%5D=1&sort=title" for 127.0.0.1 at 2013-08-04 14:54:16 +0100
  Processing by MoviesController#index as HTML
  Parameters: {"ratings"=>{"G"=>"1", "PG"=>"1"}, "sort"=>"title"}
Redirected to http://localhost:3000/movies?ratings%5BG%5D=1&ratings%5BPG%5D=1&sort=title
Completed 302 Found in 1ms


Started GET "/movies?ratings%5BG%5D=1&ratings%5BPG%5D=1&sort=title" for 127.0.0.1 at 2013-08-04 14:54:16 +0100
  Processing by MoviesController#index as HTML
  Parameters: {"ratings"=>{"G"=>"1", "PG"=>"1"}, "sort"=>"title"}
  [1m[35mMovie Load (0.1ms)[0m  SELECT "movies".* FROM "movies" WHERE "movies"."rating" IN ('G', 'PG') ORDER BY title
Rendered movies/index.html.haml within layouts/application (23.1ms)
Completed 200 OK in 30ms (Views: 27.5ms | ActiveRecord: 0.7ms)


Started GET "/assets/application.css?body=1" for 127.0.0.1 at 2013-08-04 14:54:17 +0100
Served asset /application.css - 304 Not Modified (0ms)


Started GET "/assets/jquery_ujs.js?body=1" for 127.0.0.1 at 2013-08-04 14:54:17 +0100
Served asset /jquery_ujs.js - 304 Not Modified (0ms)


Started GET "/assets/jquery.js?body=1" for 127.0.0.1 at 2013-08-04 14:54:17 +0100
Served asset /jquery.js - 304 Not Modified (0ms)


Started GET "/assets/application.js?body=1" for 127.0.0.1 at 2013-08-04 14:54:17 +0100
Served asset /application.js - 304 Not Modified (0ms)


Started GET "/movies?utf8=%E2%9C%93&title_sort=true&ratings%5BG%5D=1&commit=Refresh" for 127.0.0.1 at 2013-08-04 14:54:18 +0100
  Processing by MoviesController#index as HTML
  Parameters: {"utf8"=>"✓", "title_sort"=>"true", "ratings"=>{"G"=>"1"}, "commit"=>"Refresh"}
Redirected to http://localhost:3000/movies?ratings%5BG%5D=1&sort=title
Completed 302 Found in 1ms


Started GET "/movies?ratings%5BG%5D=1&sort=title" for 127.0.0.1 at 2013-08-04 14:54:18 +0100
  Processing by MoviesController#index as HTML
  Parameters: {"ratings"=>{"G"=>"1"}, "sort"=>"title"}
Redirected to http://localhost:3000/movies?ratings%5BG%5D=1&sort=title
Completed 302 Found in 3ms


Started GET "/movies?ratings%5BG%5D=1&sort=title" for 127.0.0.1 at 2013-08-04 14:54:18 +0100
  Processing by MoviesController#index as HTML
  Parameters: {"ratings"=>{"G"=>"1"}, "sort"=>"title"}
  [1m[36mMovie Load (0.1ms)[0m  [1mSELECT "movies".* FROM "movies" WHERE "movies"."rating" IN ('G') ORDER BY title[0m
Rendered movies/index.html.haml within layouts/application (6.8ms)
Completed 200 OK in 14ms (Views: 12.7ms | ActiveRecord: 0.3ms)


Started GET "/assets/application.css?body=1" for 127.0.0.1 at 2013-08-04 14:54:18 +0100
Served asset /application.css - 304 Not Modified (0ms)


Started GET "/assets/jquery.js?body=1" for 127.0.0.1 at 2013-08-04 14:54:18 +0100
Served asset /jquery.js - 304 Not Modified (0ms)


Started GET "/assets/jquery_ujs.js?body=1" for 127.0.0.1 at 2013-08-04 14:54:18 +0100
Served asset /jquery_ujs.js - 304 Not Modified (0ms)


Started GET "/assets/application.js?body=1" for 127.0.0.1 at 2013-08-04 14:54:18 +0100
Served asset /application.js - 304 Not Modified (0ms)


Started GET "/movies?utf8=%E2%9C%93&title_sort=true&ratings%5BG%5D=1&commit=Refresh" for 127.0.0.1 at 2013-08-04 14:54:18 +0100
  Processing by MoviesController#index as HTML
  Parameters: {"utf8"=>"✓", "title_sort"=>"true", "ratings"=>{"G"=>"1"}, "commit"=>"Refresh"}
Redirected to http://localhost:3000/movies?ratings%5BG%5D=1&sort=title
Completed 302 Found in 1ms


Started GET "/movies?ratings%5BG%5D=1&sort=title" for 127.0.0.1 at 2013-08-04 14:54:18 +0100
  Processing by MoviesController#index as HTML
  Parameters: {"ratings"=>{"G"=>"1"}, "sort"=>"title"}
  [1m[35mMovie Load (0.2ms)[0m  SELECT "movies".* FROM "movies" WHERE "movies"."rating" IN ('G') ORDER BY title
Rendered movies/index.html.haml within layouts/application (18.6ms)
Completed 200 OK in 27ms (Views: 25.6ms | ActiveRecord: 0.4ms)


Started GET "/assets/application.css?body=1" for 127.0.0.1 at 2013-08-04 14:54:18 +0100
Served asset /application.css - 304 Not Modified (0ms)


Started GET "/assets/jquery.js?body=1" for 127.0.0.1 at 2013-08-04 14:54:18 +0100
Served asset /jquery.js - 304 Not Modified (0ms)


Started GET "/assets/jquery_ujs.js?body=1" for 127.0.0.1 at 2013-08-04 14:54:18 +0100
Served asset /jquery_ujs.js - 304 Not Modified (0ms)


Started GET "/assets/application.js?body=1" for 127.0.0.1 at 2013-08-04 14:54:18 +0100
Served asset /application.js - 304 Not Modified (0ms)


Started GET "/movies?utf8=%E2%9C%93&title_sort=true&commit=Refresh" for 127.0.0.1 at 2013-08-04 14:54:20 +0100
  Processing by MoviesController#index as HTML
  Parameters: {"utf8"=>"✓", "title_sort"=>"true", "commit"=>"Refresh"}
Redirected to http://localhost:3000/movies?ratings%5BG%5D=1&sort=title
Completed 302 Found in 1ms


Started GET "/movies?ratings%5BG%5D=1&sort=title" for 127.0.0.1 at 2013-08-04 14:54:20 +0100
  Processing by MoviesController#index as HTML
  Parameters: {"ratings"=>{"G"=>"1"}, "sort"=>"title"}
  [1m[36mMovie Load (0.2ms)[0m  [1mSELECT "movies".* FROM "movies" WHERE "movies"."rating" IN ('G') ORDER BY title[0m
Rendered movies/index.html.haml within layouts/application (11.1ms)
Completed 200 OK in 18ms (Views: 16.4ms | ActiveRecord: 0.4ms)


Started GET "/assets/jquery.js?body=1" for 127.0.0.1 at 2013-08-04 14:54:20 +0100
Served asset /jquery.js - 304 Not Modified (0ms)


Started GET "/assets/jquery_ujs.js?body=1" for 127.0.0.1 at 2013-08-04 14:54:20 +0100
Served asset /jquery_ujs.js - 304 Not Modified (0ms)


Started GET "/assets/application.js?body=1" for 127.0.0.1 at 2013-08-04 14:54:20 +0100
Served asset /application.js - 304 Not Modified (0ms)


Started GET "/assets/application.css?body=1" for 127.0.0.1 at 2013-08-04 14:54:20 +0100
Served asset /application.css - 304 Not Modified (0ms)


Started GET "/movies?utf8=%E2%9C%93&title_sort=true&ratings%5BR%5D=1&commit=Refresh" for 127.0.0.1 at 2013-08-04 14:54:22 +0100
  Processing by MoviesController#index as HTML
  Parameters: {"utf8"=>"✓", "title_sort"=>"true", "ratings"=>{"R"=>"1"}, "commit"=>"Refresh"}
Redirected to http://localhost:3000/movies?ratings%5BR%5D=1&sort=title
Completed 302 Found in 1ms


Started GET "/movies?ratings%5BR%5D=1&sort=title" for 127.0.0.1 at 2013-08-04 14:54:23 +0100
  Processing by MoviesController#index as HTML
  Parameters: {"ratings"=>{"R"=>"1"}, "sort"=>"title"}
Redirected to http://localhost:3000/movies?ratings%5BR%5D=1&sort=title
Completed 302 Found in 2ms


Started GET "/movies?ratings%5BR%5D=1&sort=title" for 127.0.0.1 at 2013-08-04 14:54:23 +0100
  Processing by MoviesController#index as HTML
  Parameters: {"ratings"=>{"R"=>"1"}, "sort"=>"title"}
  [1m[35mMovie Load (0.1ms)[0m  SELECT "movies".* FROM "movies" WHERE "movies"."rating" IN ('R') ORDER BY title
Rendered movies/index.html.haml within layouts/application (7.0ms)
Completed 200 OK in 14ms (Views: 12.0ms | ActiveRecord: 0.4ms)


Started GET "/assets/application.css?body=1" for 127.0.0.1 at 2013-08-04 14:54:23 +0100
Served asset /application.css - 304 Not Modified (0ms)


Started GET "/assets/application.js?body=1" for 127.0.0.1 at 2013-08-04 14:54:23 +0100
Served asset /application.js - 304 Not Modified (0ms)


Started GET "/assets/jquery_ujs.js?body=1" for 127.0.0.1 at 2013-08-04 14:54:23 +0100
Served asset /jquery_ujs.js - 304 Not Modified (0ms)


Started GET "/assets/jquery.js?body=1" for 127.0.0.1 at 2013-08-04 14:54:23 +0100
Served asset /jquery.js - 304 Not Modified (0ms)


Started GET "/movies?utf8=%E2%9C%93&title_sort=true&commit=Refresh" for 127.0.0.1 at 2013-08-04 14:54:24 +0100
  Processing by MoviesController#index as HTML
  Parameters: {"utf8"=>"✓", "title_sort"=>"true", "commit"=>"Refresh"}
Redirected to http://localhost:3000/movies?ratings%5BR%5D=1&sort=title
Completed 302 Found in 1ms


Started GET "/movies?ratings%5BR%5D=1&sort=title" for 127.0.0.1 at 2013-08-04 14:54:24 +0100
  Processing by MoviesController#index as HTML
  Parameters: {"ratings"=>{"R"=>"1"}, "sort"=>"title"}
  [1m[36mMovie Load (0.1ms)[0m  [1mSELECT "movies".* FROM "movies" WHERE "movies"."rating" IN ('R') ORDER BY title[0m
Rendered movies/index.html.haml within layouts/application (49.6ms)
Completed 200 OK in 57ms (Views: 56.1ms | ActiveRecord: 0.4ms)


Started GET "/assets/application.css?body=1" for 127.0.0.1 at 2013-08-04 14:54:24 +0100
Served asset /application.css - 304 Not Modified (0ms)


Started GET "/assets/jquery.js?body=1" for 127.0.0.1 at 2013-08-04 14:54:24 +0100
Served asset /jquery.js - 304 Not Modified (0ms)


Started GET "/assets/jquery_ujs.js?body=1" for 127.0.0.1 at 2013-08-04 14:54:24 +0100
Served asset /jquery_ujs.js - 304 Not Modified (1ms)


Started GET "/assets/application.js?body=1" for 127.0.0.1 at 2013-08-04 14:54:24 +0100
Served asset /application.js - 304 Not Modified (0ms)


Started GET "/movies" for 127.0.0.1 at 2013-08-05 21:09:15 +0100
  Processing by MoviesController#index as HTML
  [1m[36mMovie Load (0.3ms)[0m  [1mSELECT "movies".* FROM "movies" WHERE "movies"."rating" IN ('G', 'PG', 'PG-13', 'NC-17', 'R')[0m
Rendered movies/index.html.haml within layouts/application (16.0ms)
Completed 200 OK in 115ms (Views: 85.4ms | ActiveRecord: 0.4ms)


Started GET "/assets/jquery.js?body=1" for 127.0.0.1 at 2013-08-05 21:09:16 +0100
Served asset /jquery.js - 304 Not Modified (7ms)


Started GET "/assets/jquery_ujs.js?body=1" for 127.0.0.1 at 2013-08-05 21:09:16 +0100
Served asset /jquery_ujs.js - 304 Not Modified (2ms)


Started GET "/assets/application.js?body=1" for 127.0.0.1 at 2013-08-05 21:09:16 +0100
Served asset /application.js - 304 Not Modified (0ms)


Started GET "/assets/application.css?body=1" for 127.0.0.1 at 2013-08-05 21:09:16 +0100
Served asset /application.css - 304 Not Modified (0ms)


Started GET "/movies/1" for 127.0.0.1 at 2013-08-05 21:09:38 +0100
  Processing by MoviesController#show as HTML
  Parameters: {"id"=>"1"}
  [1m[35mMovie Load (0.1ms)[0m  SELECT "movies".* FROM "movies" WHERE "movies"."id" = ? LIMIT 1  [["id", "1"]]
Rendered movies/show.html.haml within layouts/application (31.1ms)
Completed 200 OK in 37ms (Views: 35.5ms | ActiveRecord: 0.5ms)


Started GET "/assets/application.css?body=1" for 127.0.0.1 at 2013-08-05 21:09:38 +0100
Served asset /application.css - 304 Not Modified (0ms)


Started GET "/assets/application.js?body=1" for 127.0.0.1 at 2013-08-05 21:09:38 +0100
Served asset /application.js - 304 Not Modified (0ms)


Started GET "/assets/jquery_ujs.js?body=1" for 127.0.0.1 at 2013-08-05 21:09:38 +0100
Served asset /jquery_ujs.js - 304 Not Modified (0ms)


Started GET "/assets/jquery.js?body=1" for 127.0.0.1 at 2013-08-05 21:09:38 +0100
Served asset /jquery.js - 304 Not Modified (0ms)


Started GET "/movies/1/edit" for 127.0.0.1 at 2013-08-05 21:09:45 +0100
  Processing by MoviesController#edit as HTML
  Parameters: {"id"=>"1"}
  [1m[36mMovie Load (0.1ms)[0m  [1mSELECT "movies".* FROM "movies" WHERE "movies"."id" = ? LIMIT 1[0m  [["id", "1"]]
Rendered movies/edit.html.haml within layouts/application (10.0ms)
Completed 200 OK in 16ms (Views: 14.3ms | ActiveRecord: 0.4ms)


Started GET "/assets/jquery.js?body=1" for 127.0.0.1 at 2013-08-05 21:09:45 +0100
Served asset /jquery.js - 304 Not Modified (0ms)


Started GET "/assets/application.css?body=1" for 127.0.0.1 at 2013-08-05 21:09:45 +0100
Served asset /application.css - 304 Not Modified (0ms)


Started GET "/assets/application.js?body=1" for 127.0.0.1 at 2013-08-05 21:09:45 +0100
Served asset /application.js - 304 Not Modified (0ms)


Started GET "/assets/jquery_ujs.js?body=1" for 127.0.0.1 at 2013-08-05 21:09:45 +0100
Served asset /jquery_ujs.js - 304 Not Modified (0ms)


Started GET "/movies" for 127.0.0.1 at 2013-08-05 21:12:32 +0100
  Processing by MoviesController#index as HTML
  [1m[35mMovie Load (0.2ms)[0m  SELECT "movies".* FROM "movies" WHERE "movies"."rating" IN ('G', 'PG', 'PG-13', 'NC-17', 'R')
Rendered movies/index.html.haml within layouts/application (12.6ms)
Completed 200 OK in 19ms (Views: 17.2ms | ActiveRecord: 0.6ms)


Started GET "/assets/application.css?body=1" for 127.0.0.1 at 2013-08-05 21:12:32 +0100
Served asset /application.css - 304 Not Modified (0ms)


Started GET "/assets/jquery.js?body=1" for 127.0.0.1 at 2013-08-05 21:12:32 +0100
Served asset /jquery.js - 304 Not Modified (0ms)


Started GET "/assets/application.js?body=1" for 127.0.0.1 at 2013-08-05 21:12:32 +0100
Served asset /application.js - 304 Not Modified (1ms)


Started GET "/assets/jquery_ujs.js?body=1" for 127.0.0.1 at 2013-08-05 21:12:32 +0100
Served asset /jquery_ujs.js - 304 Not Modified (0ms)


Started GET "/movies" for 127.0.0.1 at 2013-08-05 21:12:32 +0100
  Processing by MoviesController#index as HTML
  [1m[36mMovie Load (0.2ms)[0m  [1mSELECT "movies".* FROM "movies" WHERE "movies"."rating" IN ('G', 'PG', 'PG-13', 'NC-17', 'R')[0m
Rendered movies/index.html.haml within layouts/application (10.1ms)
Completed 200 OK in 17ms (Views: 14.9ms | ActiveRecord: 0.5ms)


Started GET "/assets/application.css?body=1" for 127.0.0.1 at 2013-08-05 21:12:32 +0100
Served asset /application.css - 304 Not Modified (0ms)


Started GET "/assets/application.js?body=1" for 127.0.0.1 at 2013-08-05 21:12:32 +0100
Served asset /application.js - 304 Not Modified (1ms)


Started GET "/assets/jquery_ujs.js?body=1" for 127.0.0.1 at 2013-08-05 21:12:32 +0100
Served asset /jquery_ujs.js - 304 Not Modified (0ms)


Started GET "/assets/jquery.js?body=1" for 127.0.0.1 at 2013-08-05 21:12:32 +0100
Served asset /jquery.js - 304 Not Modified (0ms)


Started GET "/movies" for 127.0.0.1 at 2013-08-05 21:12:33 +0100
  Processing by MoviesController#index as HTML
  [1m[35mMovie Load (0.2ms)[0m  SELECT "movies".* FROM "movies" WHERE "movies"."rating" IN ('G', 'PG', 'PG-13', 'NC-17', 'R')
Rendered movies/index.html.haml within layouts/application (8.2ms)
Completed 200 OK in 14ms (Views: 12.5ms | ActiveRecord: 0.4ms)


Started GET "/assets/application.css?body=1" for 127.0.0.1 at 2013-08-05 21:12:33 +0100
Served asset /application.css - 304 Not Modified (0ms)


Started GET "/assets/jquery_ujs.js?body=1" for 127.0.0.1 at 2013-08-05 21:12:33 +0100
Served asset /jquery_ujs.js - 304 Not Modified (0ms)


Started GET "/assets/jquery.js?body=1" for 127.0.0.1 at 2013-08-05 21:12:33 +0100
Served asset /jquery.js - 304 Not Modified (0ms)


Started GET "/assets/application.js?body=1" for 127.0.0.1 at 2013-08-05 21:12:33 +0100
Served asset /application.js - 304 Not Modified (0ms)


Started GET "/movies" for 127.0.0.1 at 2013-08-05 21:12:33 +0100
  Processing by MoviesController#index as HTML
  [1m[36mMovie Load (0.2ms)[0m  [1mSELECT "movies".* FROM "movies" WHERE "movies"."rating" IN ('G', 'PG', 'PG-13', 'NC-17', 'R')[0m
Rendered movies/index.html.haml within layouts/application (36.4ms)
Completed 200 OK in 42ms (Views: 41.0ms | ActiveRecord: 0.5ms)


Started GET "/assets/application.css?body=1" for 127.0.0.1 at 2013-08-05 21:12:33 +0100
Served asset /application.css - 304 Not Modified (0ms)


Started GET "/assets/jquery_ujs.js?body=1" for 127.0.0.1 at 2013-08-05 21:12:33 +0100
Served asset /jquery_ujs.js - 304 Not Modified (0ms)


Started GET "/assets/jquery.js?body=1" for 127.0.0.1 at 2013-08-05 21:12:33 +0100
Served asset /jquery.js - 304 Not Modified (0ms)


Started GET "/assets/application.js?body=1" for 127.0.0.1 at 2013-08-05 21:12:33 +0100
Served asset /application.js - 304 Not Modified (1ms)


Started GET "/movies" for 127.0.0.1 at 2013-08-05 21:12:33 +0100
  Processing by MoviesController#index as HTML
  [1m[35mMovie Load (0.2ms)[0m  SELECT "movies".* FROM "movies" WHERE "movies"."rating" IN ('G', 'PG', 'PG-13', 'NC-17', 'R')
Rendered movies/index.html.haml within layouts/application (8.1ms)
Completed 200 OK in 17ms (Views: 15.2ms | ActiveRecord: 0.4ms)


Started GET "/assets/application.css?body=1" for 127.0.0.1 at 2013-08-05 21:12:33 +0100
Served asset /application.css - 304 Not Modified (0ms)


Started GET "/assets/jquery_ujs.js?body=1" for 127.0.0.1 at 2013-08-05 21:12:33 +0100
Served asset /jquery_ujs.js - 304 Not Modified (0ms)


Started GET "/assets/jquery.js?body=1" for 127.0.0.1 at 2013-08-05 21:12:33 +0100
Served asset /jquery.js - 304 Not Modified (0ms)


Started GET "/assets/application.js?body=1" for 127.0.0.1 at 2013-08-05 21:12:33 +0100
Served asset /application.js - 304 Not Modified (0ms)


Started GET "/movies" for 127.0.0.1 at 2013-08-05 21:12:42 +0100
  Processing by MoviesController#index as HTML
  [1m[36mMovie Load (0.2ms)[0m  [1mSELECT "movies".* FROM "movies" WHERE "movies"."rating" IN ('G', 'PG', 'PG-13', 'NC-17', 'R')[0m
Rendered movies/index.html.haml within layouts/application (12.8ms)
Completed 200 OK in 33ms (Views: 30.6ms | ActiveRecord: 1.5ms)


Started GET "/assets/application.css?body=1" for 127.0.0.1 at 2013-08-05 21:12:42 +0100
Served asset /application.css - 304 Not Modified (0ms)


Started GET "/assets/jquery.js?body=1" for 127.0.0.1 at 2013-08-05 21:12:42 +0100
Served asset /jquery.js - 304 Not Modified (0ms)


Started GET "/assets/application.js?body=1" for 127.0.0.1 at 2013-08-05 21:12:42 +0100
Served asset /application.js - 304 Not Modified (1ms)


Started GET "/assets/jquery_ujs.js?body=1" for 127.0.0.1 at 2013-08-05 21:12:42 +0100
Served asset /jquery_ujs.js - 304 Not Modified (0ms)


Started GET "/movies" for 127.0.0.1 at 2013-08-05 21:12:49 +0100
  Processing by MoviesController#index as HTML
  [1m[35mMovie Load (0.2ms)[0m  SELECT "movies".* FROM "movies" WHERE "movies"."rating" IN ('G', 'PG', 'PG-13', 'NC-17', 'R')
Rendered movies/index.html.haml within layouts/application (9.0ms)
Completed 200 OK in 15ms (Views: 13.2ms | ActiveRecord: 0.4ms)


Started GET "/assets/application.css?body=1" for 127.0.0.1 at 2013-08-05 21:12:49 +0100
Served asset /application.css - 304 Not Modified (0ms)


Started GET "/assets/jquery_ujs.js?body=1" for 127.0.0.1 at 2013-08-05 21:12:49 +0100
Served asset /jquery_ujs.js - 304 Not Modified (0ms)


Started GET "/assets/jquery.js?body=1" for 127.0.0.1 at 2013-08-05 21:12:49 +0100
Served asset /jquery.js - 304 Not Modified (0ms)


Started GET "/assets/application.js?body=1" for 127.0.0.1 at 2013-08-05 21:12:49 +0100
Served asset /application.js - 304 Not Modified (0ms)


Started GET "/movies/4" for 127.0.0.1 at 2013-08-05 21:12:51 +0100
  Processing by MoviesController#show as HTML
  Parameters: {"id"=>"4"}
  [1m[36mMovie Load (0.1ms)[0m  [1mSELECT "movies".* FROM "movies" WHERE "movies"."id" = ? LIMIT 1[0m  [["id", "4"]]
Rendered movies/show.html.haml within layouts/application (4.1ms)
Completed 200 OK in 9ms (Views: 8.0ms | ActiveRecord: 0.4ms)


Started GET "/assets/application.css?body=1" for 127.0.0.1 at 2013-08-05 21:12:51 +0100
Served asset /application.css - 304 Not Modified (0ms)


Started GET "/assets/jquery.js?body=1" for 127.0.0.1 at 2013-08-05 21:12:51 +0100
Served asset /jquery.js - 304 Not Modified (0ms)


Started GET "/assets/jquery_ujs.js?body=1" for 127.0.0.1 at 2013-08-05 21:12:51 +0100
Served asset /jquery_ujs.js - 304 Not Modified (0ms)


Started GET "/assets/application.js?body=1" for 127.0.0.1 at 2013-08-05 21:12:51 +0100
Served asset /application.js - 304 Not Modified (0ms)


Started GET "/movies/4/edit" for 127.0.0.1 at 2013-08-05 21:12:52 +0100
  Processing by MoviesController#edit as HTML
  Parameters: {"id"=>"4"}
  [1m[35mMovie Load (0.1ms)[0m  SELECT "movies".* FROM "movies" WHERE "movies"."id" = ? LIMIT 1  [["id", "4"]]
Rendered movies/edit.html.haml within layouts/application (34.9ms)
Completed 200 OK in 40ms (Views: 38.2ms | ActiveRecord: 0.3ms)


Started GET "/assets/application.css?body=1" for 127.0.0.1 at 2013-08-05 21:12:52 +0100
Served asset /application.css - 304 Not Modified (0ms)


Started GET "/assets/jquery_ujs.js?body=1" for 127.0.0.1 at 2013-08-05 21:12:52 +0100
Served asset /jquery_ujs.js - 304 Not Modified (0ms)


Started GET "/assets/application.js?body=1" for 127.0.0.1 at 2013-08-05 21:12:52 +0100
Served asset /application.js - 304 Not Modified (0ms)


Started GET "/assets/jquery.js?body=1" for 127.0.0.1 at 2013-08-05 21:12:52 +0100
Served asset /jquery.js - 304 Not Modified (0ms)
